2022-10-17 17:35:15,136 CRIT Supervisor is running as root.  Privileges were not dropped because no user is specified in the config file.  If you intend to run as root, you can set user=root in the config file to avoid this message.
2022-10-17 17:35:15,140 INFO supervisord started with pid 1
2022-10-17 17:35:16,143 INFO spawned: 'dspaceAngular' with pid 8
2022-10-17 17:35:17,279 INFO success: dspaceAngular entered RUNNING state, process has stayed up for > than 1 seconds (startsecs)
2022-10-17 17:49:22,608 WARN received SIGTERM indicating exit request
2022-10-17 17:49:22,608 INFO waiting for dspaceAngular to die
2022-10-17 17:49:22,619 INFO stopped: dspaceAngular (terminated by SIGTERM)
2022-10-17 17:49:22,620 INFO reaped unknown pid 38
2022-10-17 17:49:22,620 INFO reaped unknown pid 9
2022-10-17 17:49:22,620 INFO reaped unknown pid 37
2022-10-17 17:49:23,550 CRIT Supervisor is running as root.  Privileges were not dropped because no user is specified in the config file.  If you intend to run as root, you can set user=root in the config file to avoid this message.
2022-10-17 17:49:23,552 INFO supervisord started with pid 1
2022-10-17 17:49:24,555 INFO spawned: 'dspaceAngular' with pid 8
2022-10-17 17:49:26,539 INFO success: dspaceAngular entered RUNNING state, process has stayed up for > than 1 seconds (startsecs)
2022-10-17 18:35:21,150 WARN received SIGTERM indicating exit request
2022-10-17 18:35:21,151 INFO waiting for dspaceAngular to die
2022-10-17 18:35:21,165 INFO stopped: dspaceAngular (terminated by SIGTERM)
2022-10-17 18:35:21,165 INFO reaped unknown pid 38
2022-10-17 18:35:22,315 CRIT Supervisor is running as root.  Privileges were not dropped because no user is specified in the config file.  If you intend to run as root, you can set user=root in the config file to avoid this message.
2022-10-17 18:35:22,319 INFO supervisord started with pid 1
2022-10-17 18:35:23,321 INFO spawned: 'dspaceAngular' with pid 8
2022-10-17 18:35:24,333 INFO success: dspaceAngular entered RUNNING state, process has stayed up for > than 1 seconds (startsecs)
2022-10-18 17:53:10,409 WARN received SIGTERM indicating exit request
2022-10-18 17:53:10,413 INFO waiting for dspaceAngular to die
2022-10-18 17:53:10,430 INFO stopped: dspaceAngular (terminated by SIGTERM)
2022-10-18 17:53:10,430 INFO reaped unknown pid 38
2022-10-18 17:53:10,430 INFO reaped unknown pid 9
2022-10-18 17:53:10,430 INFO reaped unknown pid 37
2022-10-18 17:53:11,814 CRIT Supervisor is running as root.  Privileges were not dropped because no user is specified in the config file.  If you intend to run as root, you can set user=root in the config file to avoid this message.
2022-10-18 17:53:11,818 INFO supervisord started with pid 1
2022-10-18 17:53:12,820 INFO spawned: 'dspaceAngular' with pid 8
2022-10-18 17:53:13,964 INFO success: dspaceAngular entered RUNNING state, process has stayed up for > than 1 seconds (startsecs)
2022-10-20 13:21:56,189 WARN received SIGTERM indicating exit request
2022-10-20 13:21:56,191 INFO waiting for dspaceAngular to die
2022-10-20 13:21:56,215 INFO stopped: dspaceAngular (terminated by SIGTERM)
2022-10-20 13:21:56,215 INFO reaped unknown pid 38
2022-10-20 13:21:56,215 INFO reaped unknown pid 9
2022-10-20 13:21:56,215 INFO reaped unknown pid 37
2022-10-20 13:21:57,382 CRIT Supervisor is running as root.  Privileges were not dropped because no user is specified in the config file.  If you intend to run as root, you can set user=root in the config file to avoid this message.
2022-10-20 13:21:57,386 INFO supervisord started with pid 1
2022-10-20 13:21:58,388 INFO spawned: 'dspaceAngular' with pid 8
2022-10-20 13:21:59,525 INFO success: dspaceAngular entered RUNNING state, process has stayed up for > than 1 seconds (startsecs)
2022-10-20 13:40:29,472 WARN received SIGTERM indicating exit request
2022-10-20 13:40:29,473 INFO waiting for dspaceAngular to die
2022-10-20 13:40:29,482 INFO stopped: dspaceAngular (terminated by SIGTERM)
2022-10-20 13:40:29,482 INFO reaped unknown pid 38
2022-10-20 13:40:29,482 INFO reaped unknown pid 9
2022-10-20 13:40:29,482 INFO reaped unknown pid 37
2022-10-20 13:40:30,393 CRIT Supervisor is running as root.  Privileges were not dropped because no user is specified in the config file.  If you intend to run as root, you can set user=root in the config file to avoid this message.
2022-10-20 13:40:30,397 INFO supervisord started with pid 1
2022-10-20 13:40:31,399 INFO spawned: 'dspaceAngular' with pid 8
2022-10-20 13:40:33,366 INFO success: dspaceAngular entered RUNNING state, process has stayed up for > than 1 seconds (startsecs)
2022-10-20 14:01:35,454 WARN received SIGTERM indicating exit request
2022-10-20 14:01:35,454 INFO waiting for dspaceAngular to die
2022-10-20 14:01:35,462 INFO stopped: dspaceAngular (terminated by SIGTERM)
2022-10-20 14:01:35,462 INFO reaped unknown pid 38
2022-10-20 14:01:35,462 INFO reaped unknown pid 9
2022-10-20 14:01:35,462 INFO reaped unknown pid 37
2022-10-20 14:01:36,412 CRIT Supervisor is running as root.  Privileges were not dropped because no user is specified in the config file.  If you intend to run as root, you can set user=root in the config file to avoid this message.
2022-10-20 14:01:36,414 INFO supervisord started with pid 1
2022-10-20 14:01:37,417 INFO spawned: 'dspaceAngular' with pid 8
2022-10-20 14:01:39,388 INFO success: dspaceAngular entered RUNNING state, process has stayed up for > than 1 seconds (startsecs)
2022-10-23 14:11:11,560 INFO exited: dspaceAngular (exit status 1; not expected)
2022-10-23 14:17:44,986 WARN received SIGTERM indicating exit request
2022-10-23 14:17:46,262 CRIT Supervisor is running as root.  Privileges were not dropped because no user is specified in the config file.  If you intend to run as root, you can set user=root in the config file to avoid this message.
2022-10-23 14:17:46,273 INFO supervisord started with pid 1
2022-10-23 14:17:47,276 INFO spawned: 'dspaceAngular' with pid 9
2022-10-23 14:17:49,059 INFO success: dspaceAngular entered RUNNING state, process has stayed up for > than 1 seconds (startsecs)
2022-10-25 20:44:52,456 WARN received SIGTERM indicating exit request
2022-10-25 20:44:52,461 INFO waiting for dspaceAngular to die
2022-10-25 20:44:52,480 INFO stopped: dspaceAngular (terminated by SIGTERM)
2022-10-25 20:44:52,480 INFO reaped unknown pid 39
2022-10-25 20:44:53,516 CRIT Supervisor is running as root.  Privileges were not dropped because no user is specified in the config file.  If you intend to run as root, you can set user=root in the config file to avoid this message.
2022-10-25 20:44:53,520 INFO supervisord started with pid 1
2022-10-25 20:44:54,522 INFO spawned: 'dspaceAngular' with pid 8
2022-10-25 20:44:55,554 INFO success: dspaceAngular entered RUNNING state, process has stayed up for > than 1 seconds (startsecs)
2022-10-25 21:34:13,079 WARN received SIGTERM indicating exit request
2022-10-25 21:34:13,079 INFO waiting for dspaceAngular to die
2022-10-25 21:34:13,102 INFO stopped: dspaceAngular (terminated by SIGTERM)
2022-10-25 21:34:13,103 INFO reaped unknown pid 38
2022-10-25 21:34:13,103 INFO reaped unknown pid 9
2022-10-25 21:34:13,103 INFO reaped unknown pid 37
2022-10-25 21:34:14,040 CRIT Supervisor is running as root.  Privileges were not dropped because no user is specified in the config file.  If you intend to run as root, you can set user=root in the config file to avoid this message.
2022-10-25 21:34:14,042 INFO supervisord started with pid 1
2022-10-25 21:34:15,045 INFO spawned: 'dspaceAngular' with pid 8
2022-10-25 21:34:16,047 INFO success: dspaceAngular entered RUNNING state, process has stayed up for > than 1 seconds (startsecs)
2022-10-25 22:47:31,238 WARN received SIGTERM indicating exit request
2022-10-25 22:47:31,238 INFO waiting for dspaceAngular to die
2022-10-25 22:47:31,252 INFO stopped: dspaceAngular (terminated by SIGTERM)
2022-10-25 22:47:31,252 INFO reaped unknown pid 38
2022-10-25 22:47:31,252 INFO reaped unknown pid 9
2022-10-25 22:47:31,252 INFO reaped unknown pid 37
2022-10-25 22:47:32,109 CRIT Supervisor is running as root.  Privileges were not dropped because no user is specified in the config file.  If you intend to run as root, you can set user=root in the config file to avoid this message.
2022-10-25 22:47:32,111 INFO supervisord started with pid 1
2022-10-25 22:47:33,114 INFO spawned: 'dspaceAngular' with pid 9
2022-10-25 22:47:35,099 INFO success: dspaceAngular entered RUNNING state, process has stayed up for > than 1 seconds (startsecs)
2022-10-26 13:49:14,900 WARN received SIGTERM indicating exit request
2022-10-26 13:49:14,904 INFO waiting for dspaceAngular to die
2022-10-26 13:49:14,930 INFO stopped: dspaceAngular (terminated by SIGTERM)
2022-10-26 13:49:14,930 INFO reaped unknown pid 39
2022-10-26 13:49:16,290 CRIT Supervisor is running as root.  Privileges were not dropped because no user is specified in the config file.  If you intend to run as root, you can set user=root in the config file to avoid this message.
2022-10-26 13:49:16,294 INFO supervisord started with pid 1
2022-10-26 13:49:17,296 INFO spawned: 'dspaceAngular' with pid 8
2022-10-26 13:49:18,368 INFO success: dspaceAngular entered RUNNING state, process has stayed up for > than 1 seconds (startsecs)
2022-10-26 15:33:11,143 WARN received SIGTERM indicating exit request
2022-10-26 15:33:11,145 INFO waiting for dspaceAngular to die
2022-10-26 15:33:11,160 INFO stopped: dspaceAngular (terminated by SIGTERM)
2022-10-26 15:33:11,160 INFO reaped unknown pid 38
2022-10-26 15:33:11,160 INFO reaped unknown pid 9
2022-10-26 15:33:11,160 INFO reaped unknown pid 37
2022-10-26 15:33:12,634 CRIT Supervisor is running as root.  Privileges were not dropped because no user is specified in the config file.  If you intend to run as root, you can set user=root in the config file to avoid this message.
2022-10-26 15:33:12,638 INFO supervisord started with pid 1
2022-10-26 15:33:13,640 INFO spawned: 'dspaceAngular' with pid 8
2022-10-26 15:33:14,768 INFO success: dspaceAngular entered RUNNING state, process has stayed up for > than 1 seconds (startsecs)
2022-10-26 19:21:03,709 WARN received SIGTERM indicating exit request
2022-10-26 19:21:03,713 INFO waiting for dspaceAngular to die
2022-10-26 19:21:03,730 INFO stopped: dspaceAngular (terminated by SIGTERM)
2022-10-26 19:21:03,730 INFO reaped unknown pid 38
2022-10-26 19:21:04,725 CRIT Supervisor is running as root.  Privileges were not dropped because no user is specified in the config file.  If you intend to run as root, you can set user=root in the config file to avoid this message.
2022-10-26 19:21:04,729 INFO supervisord started with pid 1
2022-10-26 19:21:05,731 INFO spawned: 'dspaceAngular' with pid 8
2022-10-26 19:21:06,736 INFO success: dspaceAngular entered RUNNING state, process has stayed up for > than 1 seconds (startsecs)
2022-10-26 21:38:36,863 WARN received SIGTERM indicating exit request
2022-10-26 21:38:36,863 INFO waiting for dspaceAngular to die
2022-10-26 21:38:36,881 INFO stopped: dspaceAngular (terminated by SIGTERM)
2022-10-26 21:38:36,881 INFO reaped unknown pid 38
2022-10-26 21:38:36,882 INFO reaped unknown pid 9
2022-10-26 21:38:36,882 INFO reaped unknown pid 37
2022-10-26 21:38:37,811 CRIT Supervisor is running as root.  Privileges were not dropped because no user is specified in the config file.  If you intend to run as root, you can set user=root in the config file to avoid this message.
2022-10-26 21:38:37,814 INFO supervisord started with pid 1
2022-10-26 21:38:38,816 INFO spawned: 'dspaceAngular' with pid 8
2022-10-26 21:38:40,798 INFO success: dspaceAngular entered RUNNING state, process has stayed up for > than 1 seconds (startsecs)
2022-10-26 22:04:58,645 WARN received SIGTERM indicating exit request
2022-10-26 22:04:58,645 INFO waiting for dspaceAngular to die
2022-10-26 22:04:58,656 INFO stopped: dspaceAngular (terminated by SIGTERM)
2022-10-26 22:04:58,656 INFO reaped unknown pid 38
2022-10-26 22:04:58,656 INFO reaped unknown pid 9
2022-10-26 22:04:58,657 INFO reaped unknown pid 37
2022-10-26 22:04:59,529 CRIT Supervisor is running as root.  Privileges were not dropped because no user is specified in the config file.  If you intend to run as root, you can set user=root in the config file to avoid this message.
2022-10-26 22:04:59,532 INFO supervisord started with pid 1
2022-10-26 22:05:00,534 INFO spawned: 'dspaceAngular' with pid 8
2022-10-26 22:05:02,522 INFO success: dspaceAngular entered RUNNING state, process has stayed up for > than 1 seconds (startsecs)
2022-10-26 22:32:07,779 WARN received SIGTERM indicating exit request
2022-10-26 22:32:07,781 INFO waiting for dspaceAngular to die
2022-10-26 22:32:07,790 INFO stopped: dspaceAngular (terminated by SIGTERM)
2022-10-26 22:32:07,790 INFO reaped unknown pid 38
2022-10-26 22:32:07,790 INFO reaped unknown pid 9
2022-10-26 22:32:07,790 INFO reaped unknown pid 37
2022-10-26 22:32:08,699 CRIT Supervisor is running as root.  Privileges were not dropped because no user is specified in the config file.  If you intend to run as root, you can set user=root in the config file to avoid this message.
2022-10-26 22:32:08,702 INFO supervisord started with pid 1
2022-10-26 22:32:09,704 INFO spawned: 'dspaceAngular' with pid 8
2022-10-26 22:32:11,704 INFO success: dspaceAngular entered RUNNING state, process has stayed up for > than 1 seconds (startsecs)
2022-10-27 00:20:22,743 WARN received SIGTERM indicating exit request
2022-10-27 00:20:22,746 INFO waiting for dspaceAngular to die
2022-10-27 00:20:22,763 INFO stopped: dspaceAngular (terminated by SIGTERM)
2022-10-27 00:20:22,763 INFO reaped unknown pid 38
2022-10-27 00:20:22,763 INFO reaped unknown pid 9
2022-10-27 00:20:22,763 INFO reaped unknown pid 37
2022-10-27 00:20:23,979 CRIT Supervisor is running as root.  Privileges were not dropped because no user is specified in the config file.  If you intend to run as root, you can set user=root in the config file to avoid this message.
2022-10-27 00:20:23,983 INFO supervisord started with pid 1
2022-10-27 00:20:24,986 INFO spawned: 'dspaceAngular' with pid 8
2022-10-27 00:20:25,988 INFO success: dspaceAngular entered RUNNING state, process has stayed up for > than 1 seconds (startsecs)
2022-10-27 11:29:25,975 WARN received SIGTERM indicating exit request
2022-10-27 11:29:25,981 INFO waiting for dspaceAngular to die
2022-10-27 11:29:26,035 INFO stopped: dspaceAngular (terminated by SIGTERM)
2022-10-27 11:29:26,035 INFO reaped unknown pid 38
2022-10-27 11:29:26,035 INFO reaped unknown pid 9
2022-10-27 11:29:26,035 INFO reaped unknown pid 37
2022-10-27 11:29:27,417 CRIT Supervisor is running as root.  Privileges were not dropped because no user is specified in the config file.  If you intend to run as root, you can set user=root in the config file to avoid this message.
2022-10-27 11:29:27,422 INFO supervisord started with pid 1
2022-10-27 11:29:28,424 INFO spawned: 'dspaceAngular' with pid 8
2022-10-27 11:29:29,606 INFO success: dspaceAngular entered RUNNING state, process has stayed up for > than 1 seconds (startsecs)
2022-10-27 15:31:33,181 WARN received SIGTERM indicating exit request
2022-10-27 15:31:33,183 INFO waiting for dspaceAngular to die
2022-10-27 15:31:33,202 INFO stopped: dspaceAngular (terminated by SIGTERM)
2022-10-27 15:31:33,203 INFO reaped unknown pid 38
2022-10-27 15:31:34,675 CRIT Supervisor is running as root.  Privileges were not dropped because no user is specified in the config file.  If you intend to run as root, you can set user=root in the config file to avoid this message.
2022-10-27 15:31:34,679 INFO supervisord started with pid 1
2022-10-27 15:31:35,681 INFO spawned: 'dspaceAngular' with pid 8
2022-10-27 15:31:36,699 INFO success: dspaceAngular entered RUNNING state, process has stayed up for > than 1 seconds (startsecs)
2022-10-27 15:36:09,539 WARN received SIGTERM indicating exit request
2022-10-27 15:36:09,539 INFO waiting for dspaceAngular to die
2022-10-27 15:36:09,549 INFO stopped: dspaceAngular (terminated by SIGTERM)
2022-10-27 15:36:09,549 INFO reaped unknown pid 38
2022-10-27 15:36:09,549 INFO reaped unknown pid 9
2022-10-27 15:36:09,549 INFO reaped unknown pid 37
2022-10-27 15:36:10,398 CRIT Supervisor is running as root.  Privileges were not dropped because no user is specified in the config file.  If you intend to run as root, you can set user=root in the config file to avoid this message.
2022-10-27 15:36:10,401 INFO supervisord started with pid 1
2022-10-27 15:36:11,403 INFO spawned: 'dspaceAngular' with pid 9
2022-10-27 15:36:13,371 INFO success: dspaceAngular entered RUNNING state, process has stayed up for > than 1 seconds (startsecs)
2022-10-27 15:44:42,251 WARN received SIGTERM indicating exit request
2022-10-27 15:44:42,252 INFO waiting for dspaceAngular to die
2022-10-27 15:44:42,261 INFO stopped: dspaceAngular (terminated by SIGTERM)
2022-10-27 15:44:42,261 INFO reaped unknown pid 39
2022-10-27 15:44:42,261 INFO reaped unknown pid 10
2022-10-27 15:44:42,262 INFO reaped unknown pid 38
2022-10-27 15:44:43,087 CRIT Supervisor is running as root.  Privileges were not dropped because no user is specified in the config file.  If you intend to run as root, you can set user=root in the config file to avoid this message.
2022-10-27 15:44:43,090 INFO supervisord started with pid 1
2022-10-27 15:44:44,092 INFO spawned: 'dspaceAngular' with pid 8
2022-10-27 15:44:46,060 INFO success: dspaceAngular entered RUNNING state, process has stayed up for > than 1 seconds (startsecs)
2022-10-27 15:44:49,064 WARN received SIGTERM indicating exit request
2022-10-27 15:44:49,064 INFO waiting for dspaceAngular to die
2022-10-27 15:44:49,073 INFO stopped: dspaceAngular (terminated by SIGTERM)
2022-10-27 15:44:49,073 INFO reaped unknown pid 38
2022-10-27 15:44:49,073 INFO reaped unknown pid 9
2022-10-27 15:44:49,073 INFO reaped unknown pid 37
2022-10-27 15:44:49,881 CRIT Supervisor is running as root.  Privileges were not dropped because no user is specified in the config file.  If you intend to run as root, you can set user=root in the config file to avoid this message.
2022-10-27 15:44:49,883 INFO supervisord started with pid 1
2022-10-27 15:44:50,886 INFO spawned: 'dspaceAngular' with pid 8
2022-10-27 15:44:52,855 INFO success: dspaceAngular entered RUNNING state, process has stayed up for > than 1 seconds (startsecs)
2022-10-28 00:39:33,582 WARN received SIGTERM indicating exit request
2022-10-28 00:39:33,585 INFO waiting for dspaceAngular to die
2022-10-28 00:39:33,599 INFO stopped: dspaceAngular (terminated by SIGTERM)
2022-10-28 00:39:33,599 INFO reaped unknown pid 38
2022-10-28 00:39:34,564 CRIT Supervisor is running as root.  Privileges were not dropped because no user is specified in the config file.  If you intend to run as root, you can set user=root in the config file to avoid this message.
2022-10-28 00:39:34,570 INFO supervisord started with pid 1
2022-10-28 00:39:35,572 INFO spawned: 'dspaceAngular' with pid 9
2022-10-28 00:39:37,151 INFO success: dspaceAngular entered RUNNING state, process has stayed up for > than 1 seconds (startsecs)
2022-10-28 16:34:23,184 WARN received SIGTERM indicating exit request
2022-10-28 16:34:23,187 INFO waiting for dspaceAngular to die
2022-10-28 16:34:23,206 INFO stopped: dspaceAngular (terminated by SIGTERM)
2022-10-28 16:34:23,206 INFO reaped unknown pid 39
2022-10-28 16:34:23,206 INFO reaped unknown pid 10
2022-10-28 16:34:23,206 INFO reaped unknown pid 38
2022-10-28 16:34:24,249 CRIT Supervisor is running as root.  Privileges were not dropped because no user is specified in the config file.  If you intend to run as root, you can set user=root in the config file to avoid this message.
2022-10-28 16:34:24,253 INFO supervisord started with pid 1
2022-10-28 16:34:25,256 INFO spawned: 'dspaceAngular' with pid 9
2022-10-28 16:34:26,377 INFO success: dspaceAngular entered RUNNING state, process has stayed up for > than 1 seconds (startsecs)
2022-10-28 22:39:12,890 WARN received SIGTERM indicating exit request
2022-10-28 22:39:12,891 INFO waiting for dspaceAngular to die
2022-10-28 22:39:12,900 INFO stopped: dspaceAngular (terminated by SIGTERM)
2022-10-28 22:39:12,901 INFO reaped unknown pid 39
2022-10-28 22:39:12,901 INFO reaped unknown pid 10
2022-10-28 22:39:12,901 INFO reaped unknown pid 38
2022-10-28 22:39:13,714 CRIT Supervisor is running as root.  Privileges were not dropped because no user is specified in the config file.  If you intend to run as root, you can set user=root in the config file to avoid this message.
2022-10-28 22:39:13,716 INFO supervisord started with pid 1
2022-10-28 22:39:14,718 INFO spawned: 'dspaceAngular' with pid 8
2022-10-28 22:39:16,674 INFO success: dspaceAngular entered RUNNING state, process has stayed up for > than 1 seconds (startsecs)
2022-10-29 00:11:47,482 WARN received SIGTERM indicating exit request
2022-10-29 00:11:47,489 INFO waiting for dspaceAngular to die
2022-10-29 00:11:47,520 INFO stopped: dspaceAngular (terminated by SIGTERM)
2022-10-29 00:11:47,521 INFO reaped unknown pid 38
2022-10-29 00:11:47,521 INFO reaped unknown pid 9
2022-10-29 00:11:47,521 INFO reaped unknown pid 37
2022-10-29 00:11:48,959 CRIT Supervisor is running as root.  Privileges were not dropped because no user is specified in the config file.  If you intend to run as root, you can set user=root in the config file to avoid this message.
2022-10-29 00:11:48,964 INFO supervisord started with pid 1
2022-10-29 00:11:49,966 INFO spawned: 'dspaceAngular' with pid 8
2022-10-29 00:11:51,130 INFO success: dspaceAngular entered RUNNING state, process has stayed up for > than 1 seconds (startsecs)
2022-10-29 11:27:57,835 WARN received SIGTERM indicating exit request
2022-10-29 11:27:57,839 INFO waiting for dspaceAngular to die
2022-10-29 11:27:57,863 INFO stopped: dspaceAngular (terminated by SIGTERM)
2022-10-29 11:27:57,863 INFO reaped unknown pid 38
2022-10-29 11:27:57,863 INFO reaped unknown pid 9
2022-10-29 11:27:57,863 INFO reaped unknown pid 37
2022-10-29 11:27:59,220 CRIT Supervisor is running as root.  Privileges were not dropped because no user is specified in the config file.  If you intend to run as root, you can set user=root in the config file to avoid this message.
2022-10-29 11:27:59,225 INFO supervisord started with pid 1
2022-10-29 11:28:00,227 INFO spawned: 'dspaceAngular' with pid 9
2022-10-29 11:28:01,266 INFO success: dspaceAngular entered RUNNING state, process has stayed up for > than 1 seconds (startsecs)
2022-10-29 12:15:48,830 WARN received SIGTERM indicating exit request
2022-10-29 12:15:48,831 INFO waiting for dspaceAngular to die
2022-10-29 12:15:48,839 INFO stopped: dspaceAngular (terminated by SIGTERM)
2022-10-29 12:15:48,840 INFO reaped unknown pid 39
2022-10-29 12:15:48,840 INFO reaped unknown pid 10
2022-10-29 12:15:48,840 INFO reaped unknown pid 38
2022-10-29 12:15:49,678 CRIT Supervisor is running as root.  Privileges were not dropped because no user is specified in the config file.  If you intend to run as root, you can set user=root in the config file to avoid this message.
2022-10-29 12:15:49,680 INFO supervisord started with pid 1
2022-10-29 12:15:50,682 INFO spawned: 'dspaceAngular' with pid 9
2022-10-29 12:15:52,641 INFO success: dspaceAngular entered RUNNING state, process has stayed up for > than 1 seconds (startsecs)
2022-10-29 12:49:32,936 WARN received SIGTERM indicating exit request
2022-10-29 12:49:32,936 INFO waiting for dspaceAngular to die
2022-10-29 12:49:32,945 INFO stopped: dspaceAngular (terminated by SIGTERM)
2022-10-29 12:49:32,945 INFO reaped unknown pid 39
2022-10-29 12:49:32,945 INFO reaped unknown pid 10
2022-10-29 12:49:32,945 INFO reaped unknown pid 38
2022-10-29 12:49:33,739 CRIT Supervisor is running as root.  Privileges were not dropped because no user is specified in the config file.  If you intend to run as root, you can set user=root in the config file to avoid this message.
2022-10-29 12:49:33,741 INFO supervisord started with pid 1
2022-10-29 12:49:34,744 INFO spawned: 'dspaceAngular' with pid 8
2022-10-29 12:49:36,695 INFO success: dspaceAngular entered RUNNING state, process has stayed up for > than 1 seconds (startsecs)
2022-10-29 14:46:26,206 WARN received SIGTERM indicating exit request
2022-10-29 14:46:26,209 INFO waiting for dspaceAngular to die
2022-10-29 14:46:26,219 INFO stopped: dspaceAngular (terminated by SIGTERM)
2022-10-29 14:46:26,219 INFO reaped unknown pid 38
2022-10-29 14:46:26,219 INFO reaped unknown pid 9
2022-10-29 14:46:26,219 INFO reaped unknown pid 37
2022-10-29 14:46:27,083 CRIT Supervisor is running as root.  Privileges were not dropped because no user is specified in the config file.  If you intend to run as root, you can set user=root in the config file to avoid this message.
2022-10-29 14:46:27,086 INFO supervisord started with pid 1
2022-10-29 14:46:28,088 INFO spawned: 'dspaceAngular' with pid 8
2022-10-29 14:46:30,068 INFO success: dspaceAngular entered RUNNING state, process has stayed up for > than 1 seconds (startsecs)
2022-10-29 16:26:45,129 WARN received SIGTERM indicating exit request
2022-10-29 16:26:45,131 INFO waiting for dspaceAngular to die
2022-10-29 16:26:45,146 INFO stopped: dspaceAngular (terminated by SIGTERM)
2022-10-29 16:26:45,146 INFO reaped unknown pid 38
2022-10-29 16:26:45,146 INFO reaped unknown pid 9
2022-10-29 16:26:45,146 INFO reaped unknown pid 37
2022-10-29 16:26:46,465 CRIT Supervisor is running as root.  Privileges were not dropped because no user is specified in the config file.  If you intend to run as root, you can set user=root in the config file to avoid this message.
2022-10-29 16:26:46,469 INFO supervisord started with pid 1
2022-10-29 16:26:47,471 INFO spawned: 'dspaceAngular' with pid 8
2022-10-29 16:26:48,481 INFO success: dspaceAngular entered RUNNING state, process has stayed up for > than 1 seconds (startsecs)
2022-10-29 16:41:01,799 WARN received SIGTERM indicating exit request
2022-10-29 16:41:01,800 INFO waiting for dspaceAngular to die
2022-10-29 16:41:01,810 INFO stopped: dspaceAngular (terminated by SIGTERM)
2022-10-29 16:41:01,810 INFO reaped unknown pid 38
2022-10-29 16:41:01,810 INFO reaped unknown pid 9
2022-10-29 16:41:01,810 INFO reaped unknown pid 37
2022-10-29 16:41:02,621 CRIT Supervisor is running as root.  Privileges were not dropped because no user is specified in the config file.  If you intend to run as root, you can set user=root in the config file to avoid this message.
2022-10-29 16:41:02,623 INFO supervisord started with pid 1
2022-10-29 16:41:03,624 INFO spawned: 'dspaceAngular' with pid 8
2022-10-29 16:41:05,591 INFO success: dspaceAngular entered RUNNING state, process has stayed up for > than 1 seconds (startsecs)
2022-10-29 17:51:12,719 WARN received SIGTERM indicating exit request
2022-10-29 17:51:12,721 INFO waiting for dspaceAngular to die
2022-10-29 17:51:12,737 INFO stopped: dspaceAngular (terminated by SIGTERM)
2022-10-29 17:51:12,737 INFO reaped unknown pid 38
2022-10-29 17:51:12,737 INFO reaped unknown pid 9
2022-10-29 17:51:12,737 INFO reaped unknown pid 37
2022-10-29 17:51:14,027 CRIT Supervisor is running as root.  Privileges were not dropped because no user is specified in the config file.  If you intend to run as root, you can set user=root in the config file to avoid this message.
2022-10-29 17:51:14,031 INFO supervisord started with pid 1
2022-10-29 17:51:15,033 INFO spawned: 'dspaceAngular' with pid 9
2022-10-29 17:51:16,037 INFO success: dspaceAngular entered RUNNING state, process has stayed up for > than 1 seconds (startsecs)
2022-10-29 19:28:27,959 WARN received SIGTERM indicating exit request
2022-10-29 19:28:27,959 INFO waiting for dspaceAngular to die
2022-10-29 19:28:27,972 INFO stopped: dspaceAngular (terminated by SIGTERM)
2022-10-29 19:28:27,972 INFO reaped unknown pid 39
2022-10-29 19:28:27,972 INFO reaped unknown pid 10
2022-10-29 19:28:27,972 INFO reaped unknown pid 38
2022-10-29 19:28:28,762 CRIT Supervisor is running as root.  Privileges were not dropped because no user is specified in the config file.  If you intend to run as root, you can set user=root in the config file to avoid this message.
2022-10-29 19:28:28,764 INFO supervisord started with pid 1
2022-10-29 19:28:29,766 INFO spawned: 'dspaceAngular' with pid 8
2022-10-29 19:28:31,725 INFO success: dspaceAngular entered RUNNING state, process has stayed up for > than 1 seconds (startsecs)
2022-10-29 21:40:59,095 WARN received SIGTERM indicating exit request
2022-10-29 21:40:59,096 INFO waiting for dspaceAngular to die
2022-10-29 21:40:59,109 INFO stopped: dspaceAngular (terminated by SIGTERM)
2022-10-29 21:40:59,109 INFO reaped unknown pid 38
2022-10-29 21:40:59,109 INFO reaped unknown pid 9
2022-10-29 21:40:59,109 INFO reaped unknown pid 37
2022-10-29 21:41:00,478 CRIT Supervisor is running as root.  Privileges were not dropped because no user is specified in the config file.  If you intend to run as root, you can set user=root in the config file to avoid this message.
2022-10-29 21:41:00,481 INFO supervisord started with pid 1
2022-10-29 21:41:01,484 INFO spawned: 'dspaceAngular' with pid 8
2022-10-29 21:41:02,486 INFO success: dspaceAngular entered RUNNING state, process has stayed up for > than 1 seconds (startsecs)
2022-10-30 17:58:44,317 WARN received SIGTERM indicating exit request
2022-10-30 17:58:44,321 INFO waiting for dspaceAngular to die
2022-10-30 17:58:44,346 INFO stopped: dspaceAngular (terminated by SIGTERM)
2022-10-30 17:58:44,346 INFO reaped unknown pid 38
2022-10-30 17:58:44,346 INFO reaped unknown pid 9
2022-10-30 17:58:44,346 INFO reaped unknown pid 37
2022-10-30 17:58:45,421 CRIT Supervisor is running as root.  Privileges were not dropped because no user is specified in the config file.  If you intend to run as root, you can set user=root in the config file to avoid this message.
2022-10-30 17:58:45,425 INFO supervisord started with pid 1
2022-10-30 17:58:46,428 INFO spawned: 'dspaceAngular' with pid 8
2022-10-30 17:58:47,580 INFO success: dspaceAngular entered RUNNING state, process has stayed up for > than 1 seconds (startsecs)
2022-10-30 20:23:17,169 WARN received SIGTERM indicating exit request
2022-10-30 20:23:17,169 INFO waiting for dspaceAngular to die
2022-10-30 20:23:17,190 INFO stopped: dspaceAngular (terminated by SIGTERM)
2022-10-30 20:23:17,191 INFO reaped unknown pid 38
2022-10-30 20:23:41,095 CRIT Supervisor is running as root.  Privileges were not dropped because no user is specified in the config file.  If you intend to run as root, you can set user=root in the config file to avoid this message.
2022-10-30 20:23:41,258 INFO supervisord started with pid 1
2022-10-30 20:23:42,272 INFO spawned: 'dspaceAngular' with pid 8
2022-10-30 20:23:43,430 INFO success: dspaceAngular entered RUNNING state, process has stayed up for > than 1 seconds (startsecs)
2022-10-30 20:34:35,242 WARN received SIGTERM indicating exit request
2022-10-30 20:34:35,243 INFO waiting for dspaceAngular to die
2022-10-30 20:34:35,250 INFO stopped: dspaceAngular (terminated by SIGTERM)
2022-10-30 20:34:35,250 INFO reaped unknown pid 38
2022-10-30 20:34:35,250 INFO reaped unknown pid 9
2022-10-30 20:34:35,250 INFO reaped unknown pid 37
2022-10-30 20:34:36,101 CRIT Supervisor is running as root.  Privileges were not dropped because no user is specified in the config file.  If you intend to run as root, you can set user=root in the config file to avoid this message.
2022-10-30 20:34:36,103 INFO supervisord started with pid 1
2022-10-30 20:34:37,105 INFO spawned: 'dspaceAngular' with pid 8
2022-10-30 20:34:39,065 INFO success: dspaceAngular entered RUNNING state, process has stayed up for > than 1 seconds (startsecs)
2022-11-09 12:09:53,685 CRIT Supervisor is running as root.  Privileges were not dropped because no user is specified in the config file.  If you intend to run as root, you can set user=root in the config file to avoid this message.
2022-11-09 12:09:53,687 INFO supervisord started with pid 1
2022-11-09 12:09:54,690 INFO spawned: 'dspaceAngular' with pid 9
2022-11-09 12:09:54,701 INFO exited: dspaceAngular (exit status 0; not expected)
2022-11-09 12:09:55,703 INFO spawned: 'dspaceAngular' with pid 15
2022-11-09 12:09:55,708 INFO exited: dspaceAngular (exit status 0; not expected)
2022-11-09 12:09:57,712 INFO spawned: 'dspaceAngular' with pid 16
2022-11-09 12:09:58,720 INFO success: dspaceAngular entered RUNNING state, process has stayed up for > than 1 seconds (startsecs)
2022-11-09 12:09:58,720 INFO exited: dspaceAngular (exit status 0; expected)
2022-11-09 12:10:32,754 WARN received SIGTERM indicating exit request
2022-11-09 12:52:44,884 CRIT Supervisor is running as root.  Privileges were not dropped because no user is specified in the config file.  If you intend to run as root, you can set user=root in the config file to avoid this message.
2022-11-09 12:52:44,886 INFO supervisord started with pid 1
2022-11-09 12:52:45,889 INFO spawned: 'dspaceAngular' with pid 9
2022-11-09 12:52:46,899 INFO success: dspaceAngular entered RUNNING state, process has stayed up for > than 1 seconds (startsecs)
2022-11-09 12:52:50,879 INFO exited: dspaceAngular (exit status 0; expected)
2022-11-09 12:54:15,966 WARN received SIGTERM indicating exit request
2022-11-09 12:54:17,324 CRIT Supervisor is running as root.  Privileges were not dropped because no user is specified in the config file.  If you intend to run as root, you can set user=root in the config file to avoid this message.
2022-11-09 12:54:17,327 INFO supervisord started with pid 1
2022-11-09 12:54:18,330 INFO spawned: 'dspaceAngular' with pid 8
2022-11-09 12:54:18,342 INFO exited: dspaceAngular (exit status 0; not expected)
2022-11-09 12:54:19,345 INFO spawned: 'dspaceAngular' with pid 9
2022-11-09 12:54:19,352 INFO exited: dspaceAngular (exit status 0; not expected)
2022-11-09 12:54:21,356 INFO spawned: 'dspaceAngular' with pid 10
2022-11-09 12:54:21,363 INFO exited: dspaceAngular (exit status 0; not expected)
2022-11-09 12:54:24,368 INFO spawned: 'dspaceAngular' with pid 11
2022-11-09 12:54:24,375 INFO exited: dspaceAngular (exit status 0; not expected)
2022-11-09 12:54:25,377 INFO gave up: dspaceAngular entered FATAL state, too many start retries too quickly
2022-11-09 13:03:19,938 WARN received SIGTERM indicating exit request
2022-11-09 13:03:21,238 CRIT Supervisor is running as root.  Privileges were not dropped because no user is specified in the config file.  If you intend to run as root, you can set user=root in the config file to avoid this message.
2022-11-09 13:03:21,243 INFO supervisord started with pid 1
2022-11-09 13:03:22,246 INFO spawned: 'dspaceAngular' with pid 8
2022-11-09 13:03:24,054 INFO success: dspaceAngular entered RUNNING state, process has stayed up for > than 1 seconds (startsecs)
2022-11-09 13:04:55,446 WARN received SIGTERM indicating exit request
2022-11-09 13:04:55,446 INFO waiting for dspaceAngular to die
2022-11-09 13:04:55,460 INFO stopped: dspaceAngular (terminated by SIGTERM)
2022-11-09 13:04:55,460 INFO reaped unknown pid 38
2022-11-09 13:04:55,460 INFO reaped unknown pid 9
2022-11-09 13:04:55,460 INFO reaped unknown pid 37
2022-11-09 13:04:56,425 CRIT Supervisor is running as root.  Privileges were not dropped because no user is specified in the config file.  If you intend to run as root, you can set user=root in the config file to avoid this message.
2022-11-09 13:04:56,427 INFO supervisord started with pid 1
2022-11-09 13:04:57,429 INFO spawned: 'dspaceAngular' with pid 8
2022-11-09 13:04:59,408 INFO success: dspaceAngular entered RUNNING state, process has stayed up for > than 1 seconds (startsecs)
2022-11-09 13:07:02,542 WARN received SIGTERM indicating exit request
2022-11-09 13:07:02,543 INFO waiting for dspaceAngular to die
2022-11-09 13:07:02,560 INFO stopped: dspaceAngular (terminated by SIGTERM)
2022-11-09 13:07:02,560 INFO reaped unknown pid 38
2022-11-09 13:07:03,466 CRIT Supervisor is running as root.  Privileges were not dropped because no user is specified in the config file.  If you intend to run as root, you can set user=root in the config file to avoid this message.
2022-11-09 13:07:03,468 INFO supervisord started with pid 1
2022-11-09 13:07:04,470 INFO spawned: 'dspaceAngular' with pid 8
2022-11-09 13:07:05,469 INFO success: dspaceAngular entered RUNNING state, process has stayed up for > than 1 seconds (startsecs)
2022-11-09 13:07:42,521 WARN received SIGTERM indicating exit request
2022-11-09 13:07:42,522 INFO waiting for dspaceAngular to die
2022-11-09 13:07:42,539 INFO stopped: dspaceAngular (terminated by SIGTERM)
2022-11-09 13:07:42,539 INFO reaped unknown pid 38
2022-11-09 13:07:43,888 CRIT Supervisor is running as root.  Privileges were not dropped because no user is specified in the config file.  If you intend to run as root, you can set user=root in the config file to avoid this message.
2022-11-09 13:07:43,891 INFO supervisord started with pid 1
2022-11-09 13:07:44,893 INFO spawned: 'dspaceAngular' with pid 8
2022-11-09 13:07:46,220 INFO success: dspaceAngular entered RUNNING state, process has stayed up for > than 1 seconds (startsecs)
2022-11-09 13:09:23,843 WARN received SIGTERM indicating exit request
2022-11-09 13:09:23,843 INFO waiting for dspaceAngular to die
2022-11-09 13:09:23,854 INFO stopped: dspaceAngular (terminated by SIGTERM)
2022-11-09 13:09:23,854 INFO reaped unknown pid 9
2022-11-09 13:09:23,854 INFO reaped unknown pid 38
2022-11-09 13:09:23,854 INFO reaped unknown pid 37
2022-11-09 13:09:56,035 CRIT Supervisor is running as root.  Privileges were not dropped because no user is specified in the config file.  If you intend to run as root, you can set user=root in the config file to avoid this message.
2022-11-09 13:09:56,038 INFO supervisord started with pid 1
2022-11-09 13:09:57,040 INFO spawned: 'dspaceAngular' with pid 9
2022-11-09 13:09:58,594 INFO success: dspaceAngular entered RUNNING state, process has stayed up for > than 1 seconds (startsecs)
2022-11-09 13:17:26,930 WARN received SIGTERM indicating exit request
2022-11-09 13:17:26,931 INFO waiting for dspaceAngular to die
2022-11-09 13:17:26,940 INFO stopped: dspaceAngular (terminated by SIGTERM)
2022-11-09 13:17:26,940 INFO reaped unknown pid 39
2022-11-09 13:17:26,940 INFO reaped unknown pid 10
2022-11-09 13:17:26,941 INFO reaped unknown pid 38
2022-11-09 13:17:27,793 CRIT Supervisor is running as root.  Privileges were not dropped because no user is specified in the config file.  If you intend to run as root, you can set user=root in the config file to avoid this message.
2022-11-09 13:17:27,795 INFO supervisord started with pid 1
2022-11-09 13:17:28,797 INFO spawned: 'dspaceAngular' with pid 8
2022-11-09 13:17:30,795 INFO success: dspaceAngular entered RUNNING state, process has stayed up for > than 1 seconds (startsecs)
2022-11-09 18:33:28,744 WARN received SIGTERM indicating exit request
2022-11-09 18:33:28,745 INFO waiting for dspaceAngular to die
2022-11-09 18:33:28,760 INFO stopped: dspaceAngular (terminated by SIGTERM)
2022-11-09 18:33:28,760 INFO reaped unknown pid 38
2022-11-09 18:33:29,805 CRIT Supervisor is running as root.  Privileges were not dropped because no user is specified in the config file.  If you intend to run as root, you can set user=root in the config file to avoid this message.
2022-11-09 18:33:29,809 INFO supervisord started with pid 1
2022-11-09 18:33:30,812 INFO spawned: 'dspaceAngular' with pid 9
2022-11-09 18:33:31,812 INFO success: dspaceAngular entered RUNNING state, process has stayed up for > than 1 seconds (startsecs)
2022-11-10 12:01:03,957 WARN received SIGTERM indicating exit request
2022-11-10 12:01:03,958 INFO waiting for dspaceAngular to die
2022-11-10 12:01:03,974 INFO stopped: dspaceAngular (terminated by SIGTERM)
2022-11-10 12:01:03,974 INFO reaped unknown pid 39
2022-11-10 12:01:03,974 INFO reaped unknown pid 10
2022-11-10 12:01:03,974 INFO reaped unknown pid 38
2022-11-10 12:01:05,607 CRIT Supervisor is running as root.  Privileges were not dropped because no user is specified in the config file.  If you intend to run as root, you can set user=root in the config file to avoid this message.
2022-11-10 12:01:05,617 INFO supervisord started with pid 1
2022-11-10 12:01:06,620 INFO spawned: 'dspaceAngular' with pid 8
2022-11-10 12:01:08,425 INFO success: dspaceAngular entered RUNNING state, process has stayed up for > than 1 seconds (startsecs)
2022-11-16 20:19:53,378 WARN received SIGTERM indicating exit request
2022-11-16 20:19:53,384 INFO waiting for dspaceAngular to die
2022-11-16 20:19:53,416 INFO stopped: dspaceAngular (terminated by SIGTERM)
2022-11-16 20:19:53,416 INFO reaped unknown pid 38
2022-11-16 20:19:53,416 INFO reaped unknown pid 9
2022-11-16 20:19:53,416 INFO reaped unknown pid 37
2022-12-01 13:40:45,593 CRIT Supervisor is running as root.  Privileges were not dropped because no user is specified in the config file.  If you intend to run as root, you can set user=root in the config file to avoid this message.
2022-12-01 13:40:45,605 INFO supervisord started with pid 1
2022-12-01 13:40:46,610 INFO spawned: 'dspaceAngular' with pid 8
2022-12-01 13:40:47,619 INFO success: dspaceAngular entered RUNNING state, process has stayed up for > than 1 seconds (startsecs)
2022-12-01 13:51:27,044 WARN received SIGTERM indicating exit request
2022-12-01 13:51:27,049 INFO waiting for dspaceAngular to die
2022-12-01 13:51:27,071 INFO stopped: dspaceAngular (terminated by SIGTERM)
2022-12-01 13:51:27,071 INFO reaped unknown pid 38
2022-12-01 13:51:27,071 INFO reaped unknown pid 9
2022-12-01 13:51:27,071 INFO reaped unknown pid 37
2023-02-01 10:37:08,383 CRIT Supervisor is running as root.  Privileges were not dropped because no user is specified in the config file.  If you intend to run as root, you can set user=root in the config file to avoid this message.
2023-02-01 10:37:08,386 INFO supervisord started with pid 1
2023-02-01 10:37:09,388 INFO spawned: 'dspaceAngular' with pid 9
2023-02-01 10:37:10,399 INFO success: dspaceAngular entered RUNNING state, process has stayed up for > than 1 seconds (startsecs)
2023-02-01 10:37:14,291 INFO exited: dspaceAngular (exit status 0; expected)
2023-02-01 18:14:46,401 WARN received SIGTERM indicating exit request
2023-02-01 19:33:43,126 CRIT Supervisor is running as root.  Privileges were not dropped because no user is specified in the config file.  If you intend to run as root, you can set user=root in the config file to avoid this message.
2023-02-01 19:33:43,130 INFO supervisord started with pid 1
2023-02-01 19:33:44,132 INFO spawned: 'dspaceAngular' with pid 8
2023-02-01 19:33:45,201 INFO success: dspaceAngular entered RUNNING state, process has stayed up for > than 1 seconds (startsecs)
2023-02-02 08:08:29,623 WARN received SIGTERM indicating exit request
2023-02-02 08:08:29,623 INFO waiting for dspaceAngular to die
2023-02-02 08:08:29,632 INFO stopped: dspaceAngular (terminated by SIGTERM)
2023-02-02 08:08:29,632 INFO reaped unknown pid 38
2023-02-02 08:08:29,632 INFO reaped unknown pid 9
2023-02-02 08:08:29,632 INFO reaped unknown pid 37
2023-02-02 08:08:30,964 CRIT Supervisor is running as root.  Privileges were not dropped because no user is specified in the config file.  If you intend to run as root, you can set user=root in the config file to avoid this message.
2023-02-02 08:08:30,970 INFO supervisord started with pid 1
2023-02-02 08:08:31,972 INFO spawned: 'dspaceAngular' with pid 8
2023-02-02 08:08:33,103 INFO success: dspaceAngular entered RUNNING state, process has stayed up for > than 1 seconds (startsecs)
2023-02-02 08:11:27,324 WARN received SIGTERM indicating exit request
2023-02-02 08:11:27,324 INFO waiting for dspaceAngular to die
2023-02-02 08:11:27,332 INFO stopped: dspaceAngular (terminated by SIGTERM)
2023-02-02 08:11:27,333 INFO reaped unknown pid 38
2023-02-02 08:11:27,333 INFO reaped unknown pid 9
2023-02-02 08:11:27,333 INFO reaped unknown pid 37
2023-02-02 08:11:28,130 CRIT Supervisor is running as root.  Privileges were not dropped because no user is specified in the config file.  If you intend to run as root, you can set user=root in the config file to avoid this message.
2023-02-02 08:11:28,132 INFO supervisord started with pid 1
2023-02-02 08:11:29,134 INFO spawned: 'dspaceAngular' with pid 8
2023-02-02 08:11:30,169 INFO success: dspaceAngular entered RUNNING state, process has stayed up for > than 1 seconds (startsecs)
2023-02-02 23:13:31,735 WARN received SIGTERM indicating exit request
2023-02-02 23:13:31,736 INFO waiting for dspaceAngular to die
2023-02-02 23:13:31,747 INFO stopped: dspaceAngular (terminated by SIGTERM)
2023-02-02 23:13:31,747 INFO reaped unknown pid 38
2023-02-02 23:13:31,747 INFO reaped unknown pid 9
2023-02-02 23:13:31,747 INFO reaped unknown pid 37
2023-02-02 23:13:33,401 CRIT Supervisor is running as root.  Privileges were not dropped because no user is specified in the config file.  If you intend to run as root, you can set user=root in the config file to avoid this message.
2023-02-02 23:13:33,407 INFO supervisord started with pid 1
2023-02-02 23:13:34,410 INFO spawned: 'dspaceAngular' with pid 9
2023-02-02 23:13:35,954 INFO success: dspaceAngular entered RUNNING state, process has stayed up for > than 1 seconds (startsecs)
2023-02-04 10:54:48,937 WARN received SIGTERM indicating exit request
2023-02-04 10:54:48,939 INFO waiting for dspaceAngular to die
2023-02-04 10:54:48,956 INFO stopped: dspaceAngular (terminated by SIGTERM)
2023-02-04 10:54:48,956 INFO reaped unknown pid 10
2023-02-04 10:54:48,956 INFO reaped unknown pid 39
2023-02-04 10:54:48,956 INFO reaped unknown pid 38
2023-02-04 10:54:50,473 CRIT Supervisor is running as root.  Privileges were not dropped because no user is specified in the config file.  If you intend to run as root, you can set user=root in the config file to avoid this message.
2023-02-04 10:54:50,482 INFO supervisord started with pid 1
2023-02-04 10:54:51,485 INFO spawned: 'dspaceAngular' with pid 10
2023-02-04 10:54:53,051 INFO success: dspaceAngular entered RUNNING state, process has stayed up for > than 1 seconds (startsecs)
2023-02-04 15:11:28,222 WARN received SIGTERM indicating exit request
2023-02-04 15:11:28,224 INFO waiting for dspaceAngular to die
2023-02-04 15:11:28,238 INFO stopped: dspaceAngular (terminated by SIGTERM)
2023-02-04 15:11:28,238 INFO reaped unknown pid 40
2023-02-04 15:11:29,605 CRIT Supervisor is running as root.  Privileges were not dropped because no user is specified in the config file.  If you intend to run as root, you can set user=root in the config file to avoid this message.
2023-02-04 15:11:29,609 INFO supervisord started with pid 1
2023-02-04 15:11:30,611 INFO spawned: 'dspaceAngular' with pid 8
2023-02-04 15:11:31,713 INFO success: dspaceAngular entered RUNNING state, process has stayed up for > than 1 seconds (startsecs)
2023-02-04 18:13:21,347 WARN received SIGTERM indicating exit request
2023-02-04 18:13:21,349 INFO waiting for dspaceAngular to die
2023-02-04 18:13:21,363 INFO stopped: dspaceAngular (terminated by SIGTERM)
2023-02-04 18:13:21,363 INFO reaped unknown pid 38
2023-02-04 18:13:22,270 CRIT Supervisor is running as root.  Privileges were not dropped because no user is specified in the config file.  If you intend to run as root, you can set user=root in the config file to avoid this message.
2023-02-04 18:13:22,272 INFO supervisord started with pid 1
2023-02-04 18:13:23,275 INFO spawned: 'dspaceAngular' with pid 8
2023-02-04 18:13:24,642 INFO success: dspaceAngular entered RUNNING state, process has stayed up for > than 1 seconds (startsecs)
2023-02-04 18:43:39,199 WARN received SIGTERM indicating exit request
2023-02-04 18:43:39,202 INFO waiting for dspaceAngular to die
2023-02-04 18:43:39,219 INFO stopped: dspaceAngular (terminated by SIGTERM)
2023-02-04 18:43:39,219 INFO reaped unknown pid 38
2023-02-04 18:43:39,219 INFO reaped unknown pid 9
2023-02-04 18:43:39,219 INFO reaped unknown pid 37
2023-02-04 18:43:40,568 CRIT Supervisor is running as root.  Privileges were not dropped because no user is specified in the config file.  If you intend to run as root, you can set user=root in the config file to avoid this message.
2023-02-04 18:43:40,572 INFO supervisord started with pid 1
2023-02-04 18:43:41,574 INFO spawned: 'dspaceAngular' with pid 8
2023-02-04 18:43:42,668 INFO success: dspaceAngular entered RUNNING state, process has stayed up for > than 1 seconds (startsecs)
2023-02-04 18:44:51,896 WARN received SIGTERM indicating exit request
2023-02-04 18:44:51,896 INFO waiting for dspaceAngular to die
2023-02-04 18:44:51,908 INFO stopped: dspaceAngular (terminated by SIGTERM)
2023-02-04 18:44:51,908 INFO reaped unknown pid 38
2023-02-04 18:44:51,908 INFO reaped unknown pid 9
2023-02-04 18:44:51,908 INFO reaped unknown pid 37
2023-02-04 18:44:52,810 CRIT Supervisor is running as root.  Privileges were not dropped because no user is specified in the config file.  If you intend to run as root, you can set user=root in the config file to avoid this message.
2023-02-04 18:44:52,812 INFO supervisord started with pid 1
2023-02-04 18:44:53,814 INFO spawned: 'dspaceAngular' with pid 9
2023-02-04 18:44:54,856 INFO success: dspaceAngular entered RUNNING state, process has stayed up for > than 1 seconds (startsecs)
2023-02-04 18:48:30,132 WARN received SIGTERM indicating exit request
2023-02-04 18:48:30,135 INFO waiting for dspaceAngular to die
2023-02-04 18:48:30,145 INFO stopped: dspaceAngular (terminated by SIGTERM)
2023-02-04 18:48:30,145 INFO reaped unknown pid 39
2023-02-04 18:48:30,146 INFO reaped unknown pid 10
2023-02-04 18:48:30,146 INFO reaped unknown pid 38
2023-02-04 18:48:31,127 CRIT Supervisor is running as root.  Privileges were not dropped because no user is specified in the config file.  If you intend to run as root, you can set user=root in the config file to avoid this message.
2023-02-04 18:48:31,131 INFO supervisord started with pid 1
2023-02-04 18:48:32,132 INFO spawned: 'dspaceAngular' with pid 9
2023-02-04 18:48:33,210 INFO success: dspaceAngular entered RUNNING state, process has stayed up for > than 1 seconds (startsecs)
2023-02-04 20:50:43,204 WARN received SIGTERM indicating exit request
2023-02-04 20:50:43,204 INFO waiting for dspaceAngular to die
2023-02-04 20:50:43,217 INFO stopped: dspaceAngular (terminated by SIGTERM)
2023-02-04 20:50:43,217 INFO reaped unknown pid 39
2023-02-04 20:50:43,217 INFO reaped unknown pid 10
2023-02-04 20:50:43,217 INFO reaped unknown pid 38
2023-02-04 20:50:44,125 CRIT Supervisor is running as root.  Privileges were not dropped because no user is specified in the config file.  If you intend to run as root, you can set user=root in the config file to avoid this message.
2023-02-04 20:50:44,127 INFO supervisord started with pid 1
2023-02-04 20:50:45,130 INFO spawned: 'dspaceAngular' with pid 8
2023-02-04 20:50:46,178 INFO success: dspaceAngular entered RUNNING state, process has stayed up for > than 1 seconds (startsecs)
2023-02-05 15:51:19,953 WARN received SIGTERM indicating exit request
2023-02-05 15:51:19,955 INFO waiting for dspaceAngular to die
2023-02-05 15:51:19,976 INFO stopped: dspaceAngular (terminated by SIGTERM)
2023-02-05 15:51:19,976 INFO reaped unknown pid 38
2023-02-05 15:51:19,976 INFO reaped unknown pid 9
2023-02-05 15:51:19,976 INFO reaped unknown pid 37
2023-02-05 15:51:21,345 CRIT Supervisor is running as root.  Privileges were not dropped because no user is specified in the config file.  If you intend to run as root, you can set user=root in the config file to avoid this message.
2023-02-05 15:51:21,349 INFO supervisord started with pid 1
2023-02-05 15:51:22,351 INFO spawned: 'dspaceAngular' with pid 8
2023-02-05 15:51:23,493 INFO success: dspaceAngular entered RUNNING state, process has stayed up for > than 1 seconds (startsecs)
2023-02-05 18:27:35,739 WARN received SIGTERM indicating exit request
2023-02-05 18:27:35,742 INFO waiting for dspaceAngular to die
2023-02-05 18:27:35,756 INFO stopped: dspaceAngular (terminated by SIGTERM)
2023-02-05 18:27:35,756 INFO reaped unknown pid 38
2023-02-05 18:27:35,756 INFO reaped unknown pid 9
2023-02-05 18:27:35,756 INFO reaped unknown pid 37
2023-02-05 18:27:36,654 CRIT Supervisor is running as root.  Privileges were not dropped because no user is specified in the config file.  If you intend to run as root, you can set user=root in the config file to avoid this message.
2023-02-05 18:27:36,657 INFO supervisord started with pid 1
2023-02-05 18:27:37,659 INFO spawned: 'dspaceAngular' with pid 8
2023-02-05 18:27:38,700 INFO success: dspaceAngular entered RUNNING state, process has stayed up for > than 1 seconds (startsecs)
2023-02-05 20:23:14,214 WARN received SIGTERM indicating exit request
2023-02-05 20:23:14,216 INFO waiting for dspaceAngular to die
2023-02-05 20:23:14,232 INFO stopped: dspaceAngular (terminated by SIGTERM)
2023-02-05 20:23:14,232 INFO reaped unknown pid 38
2023-02-05 20:23:14,232 INFO reaped unknown pid 9
2023-02-05 20:23:14,232 INFO reaped unknown pid 37
2023-02-05 20:23:15,152 CRIT Supervisor is running as root.  Privileges were not dropped because no user is specified in the config file.  If you intend to run as root, you can set user=root in the config file to avoid this message.
2023-02-05 20:23:15,156 INFO supervisord started with pid 1
2023-02-05 20:23:16,159 INFO spawned: 'dspaceAngular' with pid 8
2023-02-05 20:23:17,289 INFO success: dspaceAngular entered RUNNING state, process has stayed up for > than 1 seconds (startsecs)
2023-02-05 22:46:50,056 WARN received SIGTERM indicating exit request
2023-02-05 22:46:50,058 INFO waiting for dspaceAngular to die
2023-02-05 22:46:50,072 INFO stopped: dspaceAngular (terminated by SIGTERM)
2023-02-05 22:46:50,072 INFO reaped unknown pid 38
2023-02-05 22:46:50,072 INFO reaped unknown pid 9
2023-02-05 22:46:50,072 INFO reaped unknown pid 37
2023-02-05 22:46:51,119 CRIT Supervisor is running as root.  Privileges were not dropped because no user is specified in the config file.  If you intend to run as root, you can set user=root in the config file to avoid this message.
2023-02-05 22:46:51,122 INFO supervisord started with pid 1
2023-02-05 22:46:52,124 INFO spawned: 'dspaceAngular' with pid 8
2023-02-05 22:46:53,195 INFO success: dspaceAngular entered RUNNING state, process has stayed up for > than 1 seconds (startsecs)
2023-02-06 16:15:52,638 WARN received SIGTERM indicating exit request
2023-02-06 16:15:52,640 INFO waiting for dspaceAngular to die
2023-02-06 16:15:52,656 INFO stopped: dspaceAngular (terminated by SIGTERM)
2023-02-06 16:15:52,656 INFO reaped unknown pid 38
2023-02-06 16:15:54,126 CRIT Supervisor is running as root.  Privileges were not dropped because no user is specified in the config file.  If you intend to run as root, you can set user=root in the config file to avoid this message.
2023-02-06 16:15:54,130 INFO supervisord started with pid 1
2023-02-06 16:15:55,133 INFO spawned: 'dspaceAngular' with pid 8
2023-02-06 16:15:56,343 INFO success: dspaceAngular entered RUNNING state, process has stayed up for > than 1 seconds (startsecs)
2023-02-06 16:34:08,479 WARN received SIGTERM indicating exit request
2023-02-06 16:34:08,483 INFO waiting for dspaceAngular to die
2023-02-06 16:34:08,506 INFO stopped: dspaceAngular (terminated by SIGTERM)
2023-02-06 16:34:10,013 CRIT Supervisor is running as root.  Privileges were not dropped because no user is specified in the config file.  If you intend to run as root, you can set user=root in the config file to avoid this message.
2023-02-06 16:34:10,018 INFO supervisord started with pid 1
2023-02-06 16:34:11,020 INFO spawned: 'dspaceAngular' with pid 8
2023-02-06 16:34:12,176 INFO success: dspaceAngular entered RUNNING state, process has stayed up for > than 1 seconds (startsecs)
2023-02-07 12:28:34,139 WARN received SIGTERM indicating exit request
2023-02-07 12:28:34,141 INFO waiting for dspaceAngular to die
2023-02-07 12:28:34,161 INFO stopped: dspaceAngular (terminated by SIGTERM)
2023-02-07 12:28:34,162 INFO reaped unknown pid 38
2023-02-07 12:28:35,617 CRIT Supervisor is running as root.  Privileges were not dropped because no user is specified in the config file.  If you intend to run as root, you can set user=root in the config file to avoid this message.
2023-02-07 12:28:35,622 INFO supervisord started with pid 1
2023-02-07 12:28:36,624 INFO spawned: 'dspaceAngular' with pid 9
2023-02-07 12:28:37,819 INFO success: dspaceAngular entered RUNNING state, process has stayed up for > than 1 seconds (startsecs)
2023-02-07 12:52:27,384 WARN received SIGTERM indicating exit request
2023-02-07 12:52:27,385 INFO waiting for dspaceAngular to die
2023-02-07 12:52:27,395 INFO stopped: dspaceAngular (terminated by SIGTERM)
2023-02-07 12:52:27,395 INFO reaped unknown pid 39
2023-02-07 12:52:27,395 INFO reaped unknown pid 10
2023-02-07 12:52:27,395 INFO reaped unknown pid 38
2023-02-07 12:52:28,339 CRIT Supervisor is running as root.  Privileges were not dropped because no user is specified in the config file.  If you intend to run as root, you can set user=root in the config file to avoid this message.
2023-02-07 12:52:28,341 INFO supervisord started with pid 1
2023-02-07 12:52:29,343 INFO spawned: 'dspaceAngular' with pid 8
2023-02-07 12:52:30,392 INFO success: dspaceAngular entered RUNNING state, process has stayed up for > than 1 seconds (startsecs)
2023-02-07 22:38:39,221 WARN received SIGTERM indicating exit request
2023-02-07 22:38:39,223 INFO waiting for dspaceAngular to die
2023-02-07 22:38:39,245 INFO stopped: dspaceAngular (terminated by SIGTERM)
2023-02-07 22:38:39,245 INFO reaped unknown pid 38
2023-02-07 22:38:40,173 CRIT Supervisor is running as root.  Privileges were not dropped because no user is specified in the config file.  If you intend to run as root, you can set user=root in the config file to avoid this message.
2023-02-07 22:38:40,176 INFO supervisord started with pid 1
2023-02-07 22:38:41,179 INFO spawned: 'dspaceAngular' with pid 8
2023-02-07 22:38:42,236 INFO success: dspaceAngular entered RUNNING state, process has stayed up for > than 1 seconds (startsecs)
2023-02-07 23:49:40,549 WARN received SIGTERM indicating exit request
2023-02-07 23:49:40,550 INFO waiting for dspaceAngular to die
2023-02-07 23:49:40,594 INFO stopped: dspaceAngular (terminated by SIGTERM)
2023-02-07 23:49:40,594 INFO reaped unknown pid 38
2023-02-07 23:49:40,594 INFO reaped unknown pid 9
2023-02-07 23:49:40,594 INFO reaped unknown pid 37
2023-02-07 23:49:42,171 CRIT Supervisor is running as root.  Privileges were not dropped because no user is specified in the config file.  If you intend to run as root, you can set user=root in the config file to avoid this message.
2023-02-07 23:49:42,173 INFO supervisord started with pid 1
2023-02-07 23:49:43,176 INFO spawned: 'dspaceAngular' with pid 9
2023-02-07 23:49:44,212 INFO success: dspaceAngular entered RUNNING state, process has stayed up for > than 1 seconds (startsecs)
2023-02-08 12:34:33,531 WARN received SIGTERM indicating exit request
2023-02-08 12:34:33,534 INFO waiting for dspaceAngular to die
2023-02-08 12:34:33,596 INFO stopped: dspaceAngular (terminated by SIGTERM)
2023-02-08 12:34:33,596 INFO reaped unknown pid 39
2023-02-08 12:34:33,596 INFO reaped unknown pid 10
2023-02-08 12:34:33,596 INFO reaped unknown pid 38
2023-02-08 12:34:35,129 CRIT Supervisor is running as root.  Privileges were not dropped because no user is specified in the config file.  If you intend to run as root, you can set user=root in the config file to avoid this message.
2023-02-08 12:34:35,136 INFO supervisord started with pid 1
2023-02-08 12:34:36,139 INFO spawned: 'dspaceAngular' with pid 8
2023-02-08 12:34:37,399 INFO success: dspaceAngular entered RUNNING state, process has stayed up for > than 1 seconds (startsecs)
2023-02-08 15:58:33,188 WARN received SIGTERM indicating exit request
2023-02-08 15:58:33,191 INFO waiting for dspaceAngular to die
2023-02-08 15:58:33,213 INFO stopped: dspaceAngular (terminated by SIGTERM)
2023-02-08 15:58:33,213 INFO reaped unknown pid 38
2023-02-08 15:58:33,213 INFO reaped unknown pid 9
2023-02-08 15:58:33,213 INFO reaped unknown pid 37
2023-02-08 15:58:34,667 CRIT Supervisor is running as root.  Privileges were not dropped because no user is specified in the config file.  If you intend to run as root, you can set user=root in the config file to avoid this message.
2023-02-08 15:58:34,671 INFO supervisord started with pid 1
2023-02-08 15:58:35,674 INFO spawned: 'dspaceAngular' with pid 9
2023-02-08 15:58:36,811 INFO success: dspaceAngular entered RUNNING state, process has stayed up for > than 1 seconds (startsecs)
2023-02-08 17:55:38,884 WARN received SIGTERM indicating exit request
2023-02-08 17:55:38,884 INFO waiting for dspaceAngular to die
2023-02-08 17:55:38,894 INFO stopped: dspaceAngular (terminated by SIGTERM)
2023-02-08 17:55:38,894 INFO reaped unknown pid 39
2023-02-08 17:55:38,894 INFO reaped unknown pid 10
2023-02-08 17:55:38,894 INFO reaped unknown pid 38
2023-02-08 17:55:39,867 CRIT Supervisor is running as root.  Privileges were not dropped because no user is specified in the config file.  If you intend to run as root, you can set user=root in the config file to avoid this message.
2023-02-08 17:55:39,876 INFO supervisord started with pid 1
2023-02-08 17:55:40,878 INFO spawned: 'dspaceAngular' with pid 8
2023-02-08 17:55:41,991 INFO success: dspaceAngular entered RUNNING state, process has stayed up for > than 1 seconds (startsecs)
2023-02-09 13:54:53,627 WARN received SIGTERM indicating exit request
2023-02-09 13:54:53,631 INFO waiting for dspaceAngular to die
2023-02-09 13:54:53,657 INFO stopped: dspaceAngular (terminated by SIGTERM)
2023-02-09 13:54:53,657 INFO reaped unknown pid 38
2023-02-09 13:54:53,657 INFO reaped unknown pid 9
2023-02-09 13:54:53,657 INFO reaped unknown pid 37
2023-02-09 13:54:55,059 CRIT Supervisor is running as root.  Privileges were not dropped because no user is specified in the config file.  If you intend to run as root, you can set user=root in the config file to avoid this message.
2023-02-09 13:54:55,065 INFO supervisord started with pid 1
2023-02-09 13:54:56,067 INFO spawned: 'dspaceAngular' with pid 9
2023-02-09 13:54:57,309 INFO success: dspaceAngular entered RUNNING state, process has stayed up for > than 1 seconds (startsecs)
2023-02-09 14:33:26,239 WARN received SIGTERM indicating exit request
2023-02-09 14:33:26,243 INFO waiting for dspaceAngular to die
2023-02-09 14:33:26,263 INFO stopped: dspaceAngular (terminated by SIGTERM)
2023-02-09 14:33:26,263 INFO reaped unknown pid 39
2023-02-09 14:33:27,672 CRIT Supervisor is running as root.  Privileges were not dropped because no user is specified in the config file.  If you intend to run as root, you can set user=root in the config file to avoid this message.
2023-02-09 14:33:27,677 INFO supervisord started with pid 1
2023-02-09 14:33:28,679 INFO spawned: 'dspaceAngular' with pid 9
2023-02-09 14:33:29,819 INFO success: dspaceAngular entered RUNNING state, process has stayed up for > than 1 seconds (startsecs)
2023-02-09 21:34:49,749 WARN received SIGTERM indicating exit request
2023-02-09 21:34:49,753 INFO waiting for dspaceAngular to die
2023-02-09 21:34:49,875 INFO stopped: dspaceAngular (terminated by SIGTERM)
2023-02-09 21:34:49,875 INFO reaped unknown pid 39
2023-02-09 21:34:49,876 INFO reaped unknown pid 10
2023-02-09 21:34:49,876 INFO reaped unknown pid 38
2023-02-09 21:34:51,378 CRIT Supervisor is running as root.  Privileges were not dropped because no user is specified in the config file.  If you intend to run as root, you can set user=root in the config file to avoid this message.
2023-02-09 21:34:51,383 INFO supervisord started with pid 1
2023-02-09 21:34:52,386 INFO spawned: 'dspaceAngular' with pid 8
2023-02-09 21:34:53,544 INFO success: dspaceAngular entered RUNNING state, process has stayed up for > than 1 seconds (startsecs)
2023-02-09 22:40:47,013 WARN received SIGTERM indicating exit request
2023-02-09 22:40:47,015 INFO waiting for dspaceAngular to die
2023-02-09 22:40:47,027 INFO stopped: dspaceAngular (terminated by SIGTERM)
2023-02-09 22:40:47,027 INFO reaped unknown pid 38
2023-02-09 22:40:47,027 INFO reaped unknown pid 9
2023-02-09 22:40:47,027 INFO reaped unknown pid 37
2023-02-09 22:40:48,130 CRIT Supervisor is running as root.  Privileges were not dropped because no user is specified in the config file.  If you intend to run as root, you can set user=root in the config file to avoid this message.
2023-02-09 22:40:48,134 INFO supervisord started with pid 1
2023-02-09 22:40:49,136 INFO spawned: 'dspaceAngular' with pid 8
2023-02-09 22:40:50,250 INFO success: dspaceAngular entered RUNNING state, process has stayed up for > than 1 seconds (startsecs)
2023-02-11 10:09:57,096 WARN received SIGTERM indicating exit request
2023-02-11 10:09:57,103 INFO waiting for dspaceAngular to die
2023-02-11 10:09:57,125 INFO stopped: dspaceAngular (terminated by SIGTERM)
2023-02-11 10:09:57,125 INFO reaped unknown pid 38
2023-02-11 10:09:57,125 INFO reaped unknown pid 9
2023-02-11 10:09:57,125 INFO reaped unknown pid 37
2023-02-11 10:09:58,854 CRIT Supervisor is running as root.  Privileges were not dropped because no user is specified in the config file.  If you intend to run as root, you can set user=root in the config file to avoid this message.
2023-02-11 10:09:58,862 INFO supervisord started with pid 1
2023-02-11 10:09:59,864 INFO spawned: 'dspaceAngular' with pid 8
2023-02-11 10:10:01,178 INFO success: dspaceAngular entered RUNNING state, process has stayed up for > than 1 seconds (startsecs)
2023-02-11 10:51:48,698 WARN received SIGTERM indicating exit request
2023-02-11 10:51:48,699 INFO waiting for dspaceAngular to die
2023-02-11 10:51:48,713 INFO stopped: dspaceAngular (terminated by SIGTERM)
2023-02-11 10:51:48,713 INFO reaped unknown pid 38
2023-02-11 10:51:48,713 INFO reaped unknown pid 9
2023-02-11 10:51:48,713 INFO reaped unknown pid 37
2023-02-11 10:51:49,616 CRIT Supervisor is running as root.  Privileges were not dropped because no user is specified in the config file.  If you intend to run as root, you can set user=root in the config file to avoid this message.
2023-02-11 10:51:49,619 INFO supervisord started with pid 1
2023-02-11 10:51:50,621 INFO spawned: 'dspaceAngular' with pid 8
2023-02-11 10:51:51,650 INFO success: dspaceAngular entered RUNNING state, process has stayed up for > than 1 seconds (startsecs)
2023-02-11 12:29:50,969 WARN received SIGTERM indicating exit request
2023-02-11 12:29:50,970 INFO waiting for dspaceAngular to die
2023-02-11 12:29:50,982 INFO stopped: dspaceAngular (terminated by SIGTERM)
2023-02-11 12:29:50,982 INFO reaped unknown pid 9
2023-02-11 12:29:50,982 INFO reaped unknown pid 38
2023-02-11 12:29:50,982 INFO reaped unknown pid 37
2023-02-11 13:09:57,488 CRIT Supervisor is running as root.  Privileges were not dropped because no user is specified in the config file.  If you intend to run as root, you can set user=root in the config file to avoid this message.
2023-02-11 13:09:57,490 INFO supervisord started with pid 1
2023-02-11 13:09:58,493 INFO spawned: 'dspaceAngular' with pid 8
2023-02-11 13:09:59,579 INFO success: dspaceAngular entered RUNNING state, process has stayed up for > than 1 seconds (startsecs)
2023-02-11 14:39:41,673 WARN received SIGTERM indicating exit request
2023-02-11 14:39:41,675 INFO waiting for dspaceAngular to die
2023-02-11 14:39:41,705 INFO stopped: dspaceAngular (terminated by SIGTERM)
2023-02-11 14:39:41,705 INFO reaped unknown pid 38
2023-02-11 14:39:41,705 INFO reaped unknown pid 9
2023-02-11 14:39:41,705 INFO reaped unknown pid 37
2023-02-11 14:39:42,879 CRIT Supervisor is running as root.  Privileges were not dropped because no user is specified in the config file.  If you intend to run as root, you can set user=root in the config file to avoid this message.
2023-02-11 14:39:42,884 INFO supervisord started with pid 1
2023-02-11 14:39:43,886 INFO spawned: 'dspaceAngular' with pid 8
2023-02-11 14:39:45,142 INFO success: dspaceAngular entered RUNNING state, process has stayed up for > than 1 seconds (startsecs)
2023-02-11 14:53:21,492 WARN received SIGTERM indicating exit request
2023-02-11 14:53:21,493 INFO waiting for dspaceAngular to die
2023-02-11 14:53:21,513 INFO stopped: dspaceAngular (terminated by SIGTERM)
2023-02-11 14:53:21,513 INFO reaped unknown pid 38
2023-02-11 14:53:22,411 CRIT Supervisor is running as root.  Privileges were not dropped because no user is specified in the config file.  If you intend to run as root, you can set user=root in the config file to avoid this message.
2023-02-11 14:53:22,414 INFO supervisord started with pid 1
2023-02-11 14:53:23,415 INFO spawned: 'dspaceAngular' with pid 8
2023-02-11 14:53:24,456 INFO success: dspaceAngular entered RUNNING state, process has stayed up for > than 1 seconds (startsecs)
2023-02-11 16:42:32,732 WARN received SIGTERM indicating exit request
2023-02-11 16:42:32,735 INFO waiting for dspaceAngular to die
2023-02-11 16:42:32,772 INFO stopped: dspaceAngular (terminated by SIGTERM)
2023-02-11 16:42:32,772 INFO reaped unknown pid 9
2023-02-11 16:42:32,772 INFO reaped unknown pid 38
2023-02-11 16:42:32,772 INFO reaped unknown pid 37
2023-02-11 17:47:11,575 CRIT Supervisor is running as root.  Privileges were not dropped because no user is specified in the config file.  If you intend to run as root, you can set user=root in the config file to avoid this message.
2023-02-11 17:47:11,578 INFO supervisord started with pid 1
2023-02-11 17:47:12,580 INFO spawned: 'dspaceAngular' with pid 8
2023-02-11 17:47:13,652 INFO success: dspaceAngular entered RUNNING state, process has stayed up for > than 1 seconds (startsecs)
2023-02-11 17:52:46,984 WARN received SIGTERM indicating exit request
2023-02-11 17:52:46,985 INFO waiting for dspaceAngular to die
2023-02-11 17:52:46,997 INFO stopped: dspaceAngular (terminated by SIGTERM)
2023-02-11 17:52:46,997 INFO reaped unknown pid 38
2023-02-11 17:52:46,997 INFO reaped unknown pid 9
2023-02-11 17:52:46,997 INFO reaped unknown pid 37
2023-02-11 21:23:21,745 CRIT Supervisor is running as root.  Privileges were not dropped because no user is specified in the config file.  If you intend to run as root, you can set user=root in the config file to avoid this message.
2023-02-11 21:23:21,747 INFO supervisord started with pid 1
2023-02-11 21:23:22,749 INFO spawned: 'dspaceAngular' with pid 8
2023-02-11 21:23:23,863 INFO success: dspaceAngular entered RUNNING state, process has stayed up for > than 1 seconds (startsecs)
2023-02-12 13:33:42,919 WARN received SIGTERM indicating exit request
2023-02-12 13:33:42,923 INFO waiting for dspaceAngular to die
2023-02-12 13:33:42,948 INFO stopped: dspaceAngular (terminated by SIGTERM)
2023-02-12 13:33:42,948 INFO reaped unknown pid 38
2023-02-12 13:33:44,040 CRIT Supervisor is running as root.  Privileges were not dropped because no user is specified in the config file.  If you intend to run as root, you can set user=root in the config file to avoid this message.
2023-02-12 13:33:44,047 INFO supervisord started with pid 1
2023-02-12 13:33:45,049 INFO spawned: 'dspaceAngular' with pid 9
2023-02-12 13:33:46,327 INFO success: dspaceAngular entered RUNNING state, process has stayed up for > than 1 seconds (startsecs)
2023-02-12 20:52:26,509 WARN received SIGTERM indicating exit request
2023-02-12 20:52:26,514 INFO waiting for dspaceAngular to die
2023-02-12 20:52:26,539 INFO stopped: dspaceAngular (terminated by SIGTERM)
2023-02-12 20:52:26,539 INFO reaped unknown pid 39
2023-02-12 20:52:26,539 INFO reaped unknown pid 10
2023-02-12 20:52:26,539 INFO reaped unknown pid 38
2023-02-12 20:52:27,984 CRIT Supervisor is running as root.  Privileges were not dropped because no user is specified in the config file.  If you intend to run as root, you can set user=root in the config file to avoid this message.
2023-02-12 20:52:27,989 INFO supervisord started with pid 1
2023-02-12 20:52:28,992 INFO spawned: 'dspaceAngular' with pid 9
2023-02-12 20:52:30,253 INFO success: dspaceAngular entered RUNNING state, process has stayed up for > than 1 seconds (startsecs)
